2025-02-21 14:24:28,168 - INFO - Starting application
2025-02-21 14:24:28,170 - INFO - Starting application
2025-02-21 14:24:28,171 - INFO - Starting application
2025-02-21 14:24:28,228 - INFO - Starting application
2025-02-21 14:24:28,171 - INFO - Starting application
2025-02-21 14:24:28,171 - INFO - Starting application
2025-02-21 14:24:28,228 - INFO - Starting application
2025-02-21 14:24:28,229 - INFO - Starting application
2025-02-21 14:24:28,171 - INFO - Starting application
2025-02-21 14:24:28,228 - INFO - Starting application
2025-02-21 14:24:28,230 - INFO - Starting application
2025-02-21 14:24:28,228 - INFO - Starting application
2025-02-21 14:24:28,171 - INFO - Starting application
2025-02-21 14:24:28,228 - INFO - Starting application
2025-02-21 14:24:28,231 - INFO - Starting application
2025-02-21 14:24:28,229 - INFO - Starting application
2025-02-21 14:24:28,231 - INFO - Starting application
2025-02-21 14:24:28,230 - INFO - Starting application
2025-02-21 14:24:28,228 - INFO - Starting application
2025-02-21 14:24:28,171 - INFO - Starting application
2025-02-21 14:24:28,231 - INFO - Starting application
2025-02-21 14:24:28,228 - INFO - Starting application
2025-02-21 14:24:28,171 - INFO - Starting application
2025-02-21 14:24:28,231 - INFO - Starting application
2025-02-21 14:24:28,229 - INFO - Starting application
2025-02-21 14:24:28,228 - INFO - Starting application
2025-02-21 14:24:28,171 - INFO - Starting application
2025-02-21 14:24:28,228 - INFO - Starting application
2025-02-21 14:24:28,230 - INFO - Starting application
2025-02-21 14:24:28,229 - INFO - Starting application
2025-02-21 14:24:28,228 - INFO - Starting application
2025-02-21 14:24:28,230 - INFO - Starting application
2025-02-21 14:24:28,228 - INFO - Starting application
2025-02-21 14:24:28,231 - INFO - Starting application
2025-02-21 14:24:28,228 - INFO - Starting application
2025-02-21 14:24:28,229 - INFO - Starting application
2025-02-21 14:24:28,231 - INFO - Starting application
2025-02-21 14:24:28,231 - INFO - Starting application
2025-02-21 14:24:28,230 - INFO - Starting application
2025-02-21 14:24:28,228 - INFO - Starting application
2025-02-21 14:24:28,231 - INFO - Starting application
2025-02-21 14:24:28,228 - INFO - Starting application
2025-02-21 14:24:28,231 - INFO - Starting application
2025-02-21 14:24:28,229 - INFO - Starting application
2025-02-21 14:24:28,231 - INFO - Starting application
2025-02-21 14:24:28,228 - INFO - Starting application
2025-02-21 14:24:28,230 - INFO - Starting application
2025-02-21 14:24:28,229 - INFO - Starting application
2025-02-21 14:24:28,231 - INFO - Starting application
2025-02-21 14:24:28,230 - INFO - Starting application
2025-02-21 14:24:28,228 - INFO - Starting application
2025-02-21 14:24:28,231 - INFO - Starting application
2025-02-21 14:24:28,231 - INFO - Starting application
2025-02-21 14:24:28,229 - INFO - Starting application
2025-02-21 14:24:28,231 - INFO - Starting application
2025-02-21 14:24:28,230 - INFO - Starting application
2025-02-21 14:24:28,231 - INFO - Starting application
2025-02-21 14:24:28,231 - INFO - Starting application
2025-02-21 14:24:33,525 - INFO - Starting application
2025-02-21 14:24:33,560 - INFO - Starting application
2025-02-21 14:24:37,374 - INFO - Starting application
2025-02-21 14:24:37,546 - INFO - Starting application
2025-02-21 14:24:37,549 - INFO - Generate sentence button clicked
2025-02-21 14:29:06,670 - INFO - Starting application
2025-02-21 14:29:18,999 - INFO - Starting application
2025-02-21 14:29:22,947 - INFO - Starting application
2025-02-21 14:29:23,017 - INFO - Starting application
2025-02-21 14:29:23,161 - INFO - Starting application
2025-02-21 14:29:25,501 - INFO - Starting application
2025-02-21 14:29:25,503 - INFO - Generate sentence button clicked
2025-02-21 14:31:43,089 - INFO - Starting application
2025-02-21 14:35:41,733 - INFO - Starting application
2025-02-21 14:35:41,733 - INFO - Starting application
2025-02-21 14:35:41,733 - INFO - Starting application
2025-02-21 14:35:41,733 - INFO - Starting application
2025-02-21 14:35:50,335 - INFO - Starting application
2025-02-21 14:35:50,337 - INFO - Generate sentence button clicked
2025-02-21 14:35:53,994 - INFO - Starting application
2025-02-21 14:35:57,798 - INFO - Starting application
2025-02-21 14:35:57,799 - INFO - Starting application
2025-02-21 14:35:57,798 - INFO - Starting application
2025-02-21 14:35:57,799 - INFO - Starting application
2025-02-21 14:35:57,947 - INFO - Starting application
2025-02-21 14:35:57,950 - INFO - Starting application
2025-02-21 14:35:57,950 - INFO - Starting application
2025-02-21 14:36:04,518 - INFO - Starting application
2025-02-21 14:36:04,519 - INFO - Starting application
2025-02-21 14:36:04,519 - INFO - Starting application
2025-02-21 14:36:04,519 - INFO - Starting application
2025-02-21 14:36:04,519 - INFO - Starting application
2025-02-21 14:36:04,577 - INFO - Starting application
2025-02-21 14:36:04,645 - INFO - Starting application
2025-02-21 14:36:04,645 - INFO - Starting application
2025-02-21 14:38:36,974 - INFO - Starting application
2025-02-21 14:38:45,987 - INFO - Generate sentence button clicked
2025-02-21 14:40:02,150 - INFO - Starting application
2025-02-21 14:40:14,367 - INFO - Starting application
2025-02-21 14:40:20,230 - INFO - Generate sentence button clicked
2025-02-21 14:42:32,039 - INFO - Starting application
2025-02-21 14:42:32,040 - INFO - Starting application
2025-02-21 14:42:32,039 - INFO - Starting application
2025-02-21 14:42:32,040 - INFO - Starting application
2025-02-21 14:42:40,567 - INFO - Generate sentence button clicked
2025-02-21 14:42:40,567 - INFO - Generate sentence button clicked
2025-02-21 14:44:08,651 - INFO - Starting application
2025-02-21 14:44:08,652 - INFO - Starting application
2025-02-21 14:44:08,651 - INFO - Starting application
2025-02-21 14:44:08,651 - INFO - Starting application
2025-02-21 14:44:08,652 - INFO - Starting application
2025-02-21 14:44:08,652 - INFO - Starting application
2025-02-21 14:44:08,652 - INFO - Starting application
2025-02-21 14:44:08,652 - INFO - Starting application
2025-02-21 14:44:08,652 - INFO - Starting application
2025-02-21 14:44:20,335 - INFO - Generate sentence button clicked
2025-02-21 14:44:20,335 - INFO - Generate sentence button clicked
2025-02-21 14:44:20,335 - INFO - Generate sentence button clicked
2025-02-21 14:47:17,148 - INFO - Starting application
2025-02-21 14:47:17,148 - INFO - Starting application
2025-02-21 14:47:17,148 - INFO - Starting application
2025-02-21 14:47:17,149 - INFO - Starting application
2025-02-21 14:47:17,148 - INFO - Starting application
2025-02-21 14:47:17,148 - INFO - Starting application
2025-02-21 14:47:17,149 - INFO - Starting application
2025-02-21 14:47:17,148 - INFO - Starting application
2025-02-21 14:47:17,149 - INFO - Starting application
2025-02-21 14:47:29,722 - INFO - Generate sentence button clicked
2025-02-21 14:47:29,722 - INFO - Generate sentence button clicked
2025-02-21 14:47:29,722 - INFO - Generate sentence button clicked
2025-02-21 14:48:52,382 - INFO - Starting application
2025-02-21 14:48:52,383 - INFO - Starting application
2025-02-21 14:48:52,382 - INFO - Starting application
2025-02-21 14:48:52,383 - INFO - Starting application
2025-02-21 14:48:52,383 - INFO - Starting application
2025-02-21 14:48:52,382 - INFO - Starting application
2025-02-21 14:48:52,383 - INFO - Starting application
2025-02-21 14:48:52,383 - INFO - Starting application
2025-02-21 14:48:52,383 - INFO - Starting application
2025-02-21 14:49:04,554 - INFO - Generate sentence button clicked
2025-02-21 14:49:04,554 - INFO - Generate sentence button clicked
2025-02-21 14:49:04,554 - INFO - Generate sentence button clicked
2025-02-21 14:52:41,396 - INFO - Starting application
2025-02-21 14:52:41,396 - INFO - Starting application
2025-02-21 14:52:41,396 - INFO - Starting application
2025-02-21 14:52:41,396 - INFO - Starting application
2025-02-21 14:52:42,674 - INFO - Starting application
2025-02-21 14:53:13,710 - INFO - Starting application
2025-02-21 14:53:20,496 - INFO - Generate sentence button clicked
2025-02-21 14:55:04,853 - INFO - Starting application
2025-02-21 14:55:04,854 - INFO - Starting application
2025-02-21 14:55:04,853 - INFO - Starting application
2025-02-21 14:55:04,854 - INFO - Starting application
2025-02-21 14:55:04,854 - INFO - Starting application
2025-02-21 14:55:04,853 - INFO - Starting application
2025-02-21 14:55:04,854 - INFO - Starting application
2025-02-21 14:55:04,854 - INFO - Starting application
2025-02-21 14:55:04,854 - INFO - Starting application
2025-02-21 15:12:19,195 - INFO - Generate sentence button clicked
2025-02-21 15:12:19,195 - INFO - Generate sentence button clicked
2025-02-21 15:12:19,195 - INFO - Generate sentence button clicked
2025-02-21 15:15:44,161 - INFO - Starting application
2025-02-21 15:16:30,133 - INFO - Generate sentence button clicked
2025-02-21 15:19:45,171 - INFO - Starting application
2025-02-21 15:19:49,970 - INFO - Starting application
2025-02-21 15:20:17,606 - INFO - Generate sentence button clicked
2025-02-21 15:21:30,165 - INFO - Starting application
2025-02-21 15:21:47,410 - INFO - Starting application
2025-02-21 15:21:52,843 - INFO - Generate sentence button clicked
2025-02-21 15:23:00,805 - INFO - Starting application
2025-02-21 15:23:05,659 - INFO - Generate sentence button clicked
2025-02-21 15:24:42,278 - INFO - Starting application
2025-02-21 15:24:47,779 - INFO - Starting application
2025-02-21 15:24:53,401 - INFO - Generate sentence button clicked
2025-02-21 15:51:11,490 - INFO - Starting application
2025-02-21 15:51:16,423 - INFO - Generate sentence button clicked
2025-02-21 15:51:49,664 - INFO - Starting application
2025-02-21 17:13:42,497 - INFO - Starting application
2025-02-21 17:13:42,498 - INFO - Starting application
2025-02-21 17:13:42,497 - INFO - Starting application
2025-02-21 17:13:42,498 - INFO - Starting application
2025-02-21 17:13:49,958 - INFO - Generate sentence button clicked
2025-02-21 17:13:49,958 - INFO - Generate sentence button clicked
2025-02-21 17:16:03,477 - INFO - Starting application
2025-02-21 17:16:03,477 - INFO - Starting application
2025-02-21 17:16:03,477 - INFO - Starting application
2025-02-21 17:16:03,477 - INFO - Starting application
2025-02-21 17:16:18,463 - INFO - Generate sentence button clicked
2025-02-21 17:16:18,463 - INFO - Generate sentence button clicked
2025-02-21 17:16:31,334 - INFO - Generated new sentence: raysu
2025-02-21 17:16:31,334 - INFO - Generated new sentence: raysu
2025-02-21 17:19:08,932 - INFO - Starting application
2025-02-21 17:19:08,932 - INFO - Starting application
2025-02-21 17:19:08,932 - INFO - Starting application
2025-02-21 17:19:08,932 - INFO - Starting application
2025-02-21 17:19:22,162 - INFO - Starting application
2025-02-21 17:19:37,404 - INFO - Generate sentence button clicked
2025-02-21 17:21:18,769 - INFO - Starting application
2025-02-21 17:21:18,769 - INFO - Starting application
2025-02-21 17:21:18,769 - INFO - Starting application
2025-02-21 17:21:18,769 - INFO - Starting application
2025-02-21 17:21:27,753 - INFO - Generate sentence button clicked
2025-02-21 17:21:27,753 - INFO - Generate sentence button clicked
2025-02-21 17:32:36,759 - INFO - Starting application
2025-02-21 17:33:07,635 - INFO - Starting application
2025-02-21 17:33:12,632 - INFO - Generate sentence button clicked
2025-02-21 17:33:40,006 - INFO - Generated new sentence: 质日
2025-02-21 17:34:22,009 - INFO - Drawing submitted for comparison
2025-02-21 17:35:46,949 - INFO - Drawing did not match target text
2025-02-21 17:44:07,064 - INFO - Starting application
2025-02-21 17:45:00,353 - INFO - Starting application
2025-02-21 17:45:04,460 - INFO - Generate sentence button clicked
2025-02-21 17:45:20,169 - INFO - Generated new sentence: 日本た
2025-02-21 17:45:47,879 - INFO - Drawing submitted for comparison
2025-02-21 17:47:00,019 - INFO - Drawing did not match target text
2025-02-21 17:47:25,220 - INFO - Generate sentence button clicked
2025-02-21 17:47:32,102 - INFO - Generated new sentence: ほすね
2025-02-21 17:47:37,759 - DEBUG - Clearing canvas
2025-02-21 17:48:03,723 - INFO - Drawing submitted for comparison
2025-02-21 17:48:04,600 - INFO - Drawing did not match target text
2025-02-21 17:51:25,008 - INFO - Starting application
2025-02-21 17:51:36,071 - INFO - Generate sentence button clicked
2025-02-21 17:51:42,675 - INFO - Generated new sentence: いまた
2025-02-21 17:52:06,757 - INFO - Drawing submitted for comparison
2025-02-21 17:53:12,146 - INFO - Drawing matched target text
2025-02-21 17:53:29,719 - INFO - Generate sentence button clicked
2025-02-21 17:55:14,829 - INFO - Starting application
2025-02-21 17:55:14,829 - INFO - Starting application
2025-02-21 17:55:14,829 - INFO - Starting application
2025-02-21 17:55:14,829 - INFO - Starting application
2025-02-21 17:55:23,304 - INFO - Generate sentence button clicked
2025-02-21 17:55:23,304 - INFO - Generate sentence button clicked
2025-02-21 17:55:30,176 - INFO - Generated new sentence: 。新詍論
2025-02-21 17:55:30,176 - INFO - Generated new sentence: 。新詍論
2025-02-21 17:55:43,108 - INFO - Generate sentence button clicked
2025-02-21 17:55:43,108 - INFO - Generate sentence button clicked
2025-02-21 17:55:49,134 - INFO - Generated new sentence: ・がし・しゅる
2025-02-21 17:55:49,134 - INFO - Generated new sentence: ・がし・しゅる
2025-02-21 17:55:52,626 - INFO - Generate sentence button clicked
2025-02-21 17:55:52,626 - INFO - Generate sentence button clicked
2025-02-21 17:55:58,409 - INFO - Generated new sentence: をいる
2025-02-21 17:55:58,409 - INFO - Generated new sentence: をいる
2025-02-21 17:56:16,558 - INFO - Drawing submitted for comparison
2025-02-21 17:56:16,558 - INFO - Drawing submitted for comparison
2025-02-21 17:57:20,801 - INFO - Drawing did not match target text
2025-02-21 17:57:20,801 - INFO - Drawing did not match target text
2025-02-21 17:57:30,816 - INFO - Generate sentence button clicked
2025-02-21 17:57:30,816 - INFO - Generate sentence button clicked
2025-02-21 17:57:35,257 - INFO - Generated new sentence: 
2025-02-21 17:57:35,257 - INFO - Generated new sentence: 
2025-02-21 18:01:43,463 - INFO - Generate sentence button clicked
2025-02-21 18:01:43,463 - INFO - Generate sentence button clicked
2025-02-21 18:01:50,789 - INFO - Generated new sentence: やすむ
2025-02-21 18:01:50,789 - INFO - Generated new sentence: やすむ
2025-02-21 18:04:36,920 - INFO - Generate sentence button clicked
2025-02-21 18:04:36,920 - INFO - Generate sentence button clicked
2025-02-21 18:04:43,107 - INFO - Generated new sentence: 、ぎれ
2025-02-21 18:04:43,107 - INFO - Generated new sentence: 、ぎれ
2025-02-21 18:05:00,867 - INFO - Drawing submitted for comparison
2025-02-21 18:05:00,867 - INFO - Drawing submitted for comparison
2025-02-21 18:05:01,707 - INFO - Drawing matched target text
2025-02-21 18:05:01,707 - INFO - Drawing matched target text
2025-02-21 18:24:39,430 - INFO - Generate sentence button clicked
2025-02-21 18:24:39,430 - INFO - Generate sentence button clicked
2025-02-21 18:24:55,322 - INFO - Generated new sentence: あんは
2025-02-21 18:24:55,322 - INFO - Generated new sentence: あんは
2025-02-21 18:52:35,131 - INFO - Drawing submitted for comparison
2025-02-21 18:52:35,131 - INFO - Drawing submitted for comparison
2025-02-21 18:52:36,258 - INFO - Drawing matched target text
2025-02-21 18:52:36,258 - INFO - Drawing matched target text
2025-02-21 18:52:40,249 - DEBUG - Clearing canvas
2025-02-21 18:52:40,249 - DEBUG - Clearing canvas
2025-02-21 18:52:41,368 - INFO - Generate sentence button clicked
2025-02-21 18:52:41,368 - INFO - Generate sentence button clicked
2025-02-21 19:18:20,074 - INFO - Starting application
2025-02-21 19:19:05,259 - INFO - Generate sentence button clicked
2025-02-21 19:19:20,652 - INFO - Generated new sentence: 、しなた
2025-02-21 19:19:43,922 - INFO - Drawing submitted for comparison
2025-02-21 19:21:49,910 - INFO - Drawing matched target text
2025-02-21 19:23:43,141 - INFO - Starting application
2025-02-21 19:23:43,142 - INFO - Starting application
2025-02-21 19:23:43,141 - INFO - Starting application
2025-02-21 19:23:43,142 - INFO - Starting application
2025-02-21 19:23:53,567 - INFO - Generate sentence button clicked
2025-02-21 19:23:53,567 - INFO - Generate sentence button clicked
2025-02-21 19:23:58,651 - INFO - Generated new sentence: 読田
2025-02-21 19:23:58,651 - INFO - Generated new sentence: 読田
2025-02-21 19:24:22,646 - INFO - Generate sentence button clicked
2025-02-21 19:24:22,646 - INFO - Generate sentence button clicked
2025-02-21 19:24:28,275 - INFO - Generated new sentence: ますとい
2025-02-21 19:24:28,275 - INFO - Generated new sentence: ますとい
2025-02-21 19:26:18,414 - INFO - Drawing submitted for comparison
2025-02-21 19:26:18,414 - INFO - Drawing submitted for comparison
2025-02-21 19:27:45,715 - INFO - Starting application
2025-02-21 19:27:45,716 - INFO - Starting application
2025-02-21 19:27:45,715 - INFO - Starting application
2025-02-21 19:27:45,716 - INFO - Starting application
2025-02-21 19:30:46,547 - INFO - Generate sentence button clicked
2025-02-21 19:30:46,547 - INFO - Generate sentence button clicked
2025-02-21 19:31:02,810 - INFO - Generated new sentence: ろをたちてい
2025-02-21 19:31:02,810 - INFO - Generated new sentence: ろをたちてい
2025-02-21 19:31:40,336 - INFO - Generate sentence button clicked
2025-02-21 19:31:40,336 - INFO - Generate sentence button clicked
2025-02-21 19:31:47,808 - INFO - Generated new sentence: アん
2025-02-21 19:31:47,808 - INFO - Generated new sentence: アん
2025-02-21 19:31:59,391 - INFO - Drawing submitted for comparison
2025-02-21 19:31:59,391 - INFO - Drawing submitted for comparison
